Using pre-set license
Built from '2021.1/staging' branch; Version is '2021.1.7f1 (d91830b65d9b) revision 14227504'; Using compiler version '192528614'; Build Type 'Release'
OS: 'Windows 10 Pro; OS build 19042.985; Version 2009; 64bit' Language: 'pl' Physical Memory: 16346 MB
BatchMode: 1, IsHumanControllingUs: 0, StartBugReporterOnCrash: 0, Is64bit: 1, IsPro: 0

 COMMAND LINE ARGUMENTS:
C:\Program Files\Unity\Hub\Editor\2021.1.7f1\Editor\Unity.exe
-adb2
-batchMode
-noUpm
-name
AssetImportWorker0
-projectPath
F:/GithubRepos/LanguageMemory/LanguageMemoryGame
-logFile
Logs/AssetImportWorker0.log
-srvPort
51864
Successfully changed project path to: F:/GithubRepos/LanguageMemory/LanguageMemoryGame
F:/GithubRepos/LanguageMemory/LanguageMemoryGame
Using Asset Import Pipeline V2.
Refreshing native plugins compatible for Editor in 100.15 ms, found 2 plugins.
Preloading 0 native plugins for Editor in 0.00 ms.
Initialize engine version: 2021.1.7f1 (d91830b65d9b)
[Subsystems] Discovering subsystems at path C:/Program Files/Unity/Hub/Editor/2021.1.7f1/Editor/Data/Resources/UnitySubsystems
[Subsystems] Discovering subsystems at path F:/GithubRepos/LanguageMemory/LanguageMemoryGame/Assets
GfxDevice: creating device client; threaded=0; jobified=0
Direct3D:
    Version:  Direct3D 11.0 [level 11.1]
    Renderer: NVIDIA GeForce GTX 1060 6GB (ID=0x1c03)
    Vendor:   NVIDIA
    VRAM:     6052 MB
    Driver:   27.21.14.5751
Initialize mono
Mono path[0] = 'C:/Program Files/Unity/Hub/Editor/2021.1.7f1/Editor/Data/Managed'
Mono path[1] = 'C:/Program Files/Unity/Hub/Editor/2021.1.7f1/Editor/Data/MonoBleedingEdge/lib/mono/unityjit'
Mono config path = 'C:/Program Files/Unity/Hub/Editor/2021.1.7f1/Editor/Data/MonoBleedingEdge/etc'
Using monoOptions --debugger-agent=transport=dt_socket,embedding=1,server=y,suspend=n,address=127.0.0.1:56396
Begin MonoManager ReloadAssembly
Registering precompiled unity dll's ...
Register platform support module: C:/Program Files/Unity/Hub/Editor/2021.1.7f1/Editor/Data/PlaybackEngines/WebGLSupport/UnityEditor.WebGL.Extensions.dll
Register platform support module: C:/Program Files/Unity/Hub/Editor/2021.1.7f1/Editor/Data/PlaybackEngines/WindowsStandaloneSupport/UnityEditor.WindowsStandalone.Extensions.dll
Registered in 0.002083 seconds.
Native extension for WindowsStandalone target not found
Native extension for WebGL target not found
Refreshing native plugins compatible for Editor in 93.33 ms, found 2 plugins.
Preloading 0 native plugins for Editor in 0.00 ms.
Mono: successfully reloaded assembly
- Completed reload, in  1.759 seconds
Platform modules already initialized, skipping
Registering precompiled user dll's ...
Registered in 0.001916 seconds.
Begin MonoManager ReloadAssembly
Symbol file LoadedFromMemory doesn't match image F:\GithubRepos\LanguageMemory\LanguageMemoryGame\Library\PackageCache\com.unity.visualscripting@1.6.1\Editor\VisualScripting.Core\Dependencies\YamlDotNet\Unity.VisualScripting.YamlDotNet.dll
Symbol file LoadedFromMemory doesn't match image F:\GithubRepos\LanguageMemory\LanguageMemoryGame\Library\PackageCache\com.unity.visualscripting@1.6.1\Editor\VisualScripting.Core\Dependencies\DotNetZip\Unity.VisualScripting.IonicZip.dll
Native extension for WindowsStandalone target not found
Native extension for WebGL target not found
Refreshing native plugins compatible for Editor in 91.99 ms, found 2 plugins.
Preloading 0 native plugins for Editor in 0.00 ms.
Mono: successfully reloaded assembly
- Completed reload, in  1.054 seconds
Platform modules already initialized, skipping
========================================================================
Worker process is ready to serve import requests
Launched and connected shader compiler UnityShaderCompiler.exe after 0.04 seconds
Refreshing native plugins compatible for Editor in 0.76 ms, found 2 plugins.
Preloading 0 native plugins for Editor in 0.00 ms.
Unloading 3531 Unused Serialized files (Serialized files now loaded: 0)
System memory in use before: 134.2 MB.
System memory in use after: 134.4 MB.

Unloading 36 unused Assets to reduce memory usage. Loaded Objects now: 3976.
Total: 2.389200 ms (FindLiveObjects: 0.258600 ms CreateObjectMapping: 0.201800 ms MarkObjects: 1.869000 ms  DeleteObjects: 0.059000 ms)

========================================================================
Received Import Request.
  path: Assets/Square.prefab
  artifactKey: Guid(3ddbd4e117345498494ed863a17f377d) Importer(815301076,1909f56bfc062723c751e8b465ee728b)
Start importing Assets/Square.prefab using Guid(3ddbd4e117345498494ed863a17f377d) Importer(815301076,1909f56bfc062723c751e8b465ee728b)  -> (artifact id: '16d6532e5324233d7d0c43948696c417') in 0.122088 seconds 
========================================================================
Received Import Request.
  Time since last request: 1066.241004 seconds.
  path: Assets/Scenes/SampleScene.unity
  artifactKey: Guid(2cda990e2423bbf4892e6590ba056729) Importer(815301076,1909f56bfc062723c751e8b465ee728b)
Start importing Assets/Scenes/SampleScene.unity using Guid(2cda990e2423bbf4892e6590ba056729) Importer(815301076,1909f56bfc062723c751e8b465ee728b)  -> (artifact id: '398e2caafe7002b1a23b039280923303') in 0.005607 seconds 
========================================================================
Received Prepare
Registering precompiled user dll's ...
Registered in 0.001839 seconds.
Begin MonoManager ReloadAssembly
Symbol file LoadedFromMemory doesn't match image F:\GithubRepos\LanguageMemory\LanguageMemoryGame\Library\PackageCache\com.unity.visualscripting@1.6.1\Editor\VisualScripting.Core\Dependencies\YamlDotNet\Unity.VisualScripting.YamlDotNet.dll
Symbol file LoadedFromMemory doesn't match image F:\GithubRepos\LanguageMemory\LanguageMemoryGame\Library\PackageCache\com.unity.visualscripting@1.6.1\Editor\VisualScripting.Core\Dependencies\DotNetZip\Unity.VisualScripting.IonicZip.dll
Native extension for WindowsStandalone target not found
Native extension for WebGL target not found
Refreshing native plugins compatible for Editor in 0.63 ms, found 2 plugins.
Preloading 0 native plugins for Editor in 0.00 ms.
Mono: successfully reloaded assembly
- Completed reload, in  0.882 seconds
Platform modules already initialized, skipping
Refreshing native plugins compatible for Editor in 0.61 ms, found 2 plugins.
Preloading 0 native plugins for Editor in 0.00 ms.
Unloading 3508 Unused Serialized files (Serialized files now loaded: 0)
System memory in use before: 136.5 MB.
System memory in use after: 136.8 MB.

Unloading 24 unused Assets to reduce memory usage. Loaded Objects now: 3987.
Total: 2.172600 ms (FindLiveObjects: 0.235500 ms CreateObjectMapping: 0.180500 ms MarkObjects: 1.734900 ms  DeleteObjects: 0.020800 ms)

========================================================================
Received Import Request.
  Time since last request: 61.627421 seconds.
  path: Assets/MemoryObject/Apple.asset
  artifactKey: Guid(932ebe8c2a3344a3b966566e1a194e6e) Importer(815301076,1909f56bfc062723c751e8b465ee728b)
Start importing Assets/MemoryObject/Apple.asset using Guid(932ebe8c2a3344a3b966566e1a194e6e) Importer(815301076,1909f56bfc062723c751e8b465ee728b)  -> (artifact id: '09de061a7a75bde2babee8a12fc197ff') in 0.015071 seconds 
========================================================================
Received Import Request.
  Time since last request: 0.000241 seconds.
  path: Assets/MemoryObject/Games.asset
  artifactKey: Guid(ef960677912cb4847b68ff805f011fbe) Importer(815301076,1909f56bfc062723c751e8b465ee728b)
Start importing Assets/MemoryObject/Games.asset using Guid(ef960677912cb4847b68ff805f011fbe) Importer(815301076,1909f56bfc062723c751e8b465ee728b)  -> (artifact id: 'eb7bf82d5a35694233e7aba0184b2c10') in 0.006609 seconds 
========================================================================
Received Import Request.
  Time since last request: 0.000245 seconds.
  path: Assets/MemoryObject/Cucumber.asset
  artifactKey: Guid(f4cf0d54b11544d6681b47f29584f3c4) Importer(815301076,1909f56bfc062723c751e8b465ee728b)
Start importing Assets/MemoryObject/Cucumber.asset using Guid(f4cf0d54b11544d6681b47f29584f3c4) Importer(815301076,1909f56bfc062723c751e8b465ee728b)  -> (artifact id: '7c320837da5b306ed9edb111fc6f06e1') in 0.007652 seconds 
========================================================================
Received Import Request.
  Time since last request: 0.000197 seconds.
  path: Assets/MemoryObject/Gamedeveloper.asset
  artifactKey: Guid(11c5164df1259428781be157bf9f1061) Importer(815301076,1909f56bfc062723c751e8b465ee728b)
Start importing Assets/MemoryObject/Gamedeveloper.asset using Guid(11c5164df1259428781be157bf9f1061) Importer(815301076,1909f56bfc062723c751e8b465ee728b)  -> (artifact id: '20bfb8ea1d3c4eb1f078606de038543d') in 0.005268 seconds 
========================================================================
Received Import Request.
  Time since last request: 0.000196 seconds.
  path: Assets/MemoryObject/Moon.asset
  artifactKey: Guid(9e82a3a039e7146308731a877d6422f2) Importer(815301076,1909f56bfc062723c751e8b465ee728b)
Start importing Assets/MemoryObject/Moon.asset using Guid(9e82a3a039e7146308731a877d6422f2) Importer(815301076,1909f56bfc062723c751e8b465ee728b)  -> (artifact id: 'ae5299dbde8387391379fc16b76d19b0') in 0.005803 seconds 
========================================================================
Received Import Request.
  Time since last request: 0.000151 seconds.
  path: Assets/MemoryObject/Book.asset
  artifactKey: Guid(3de72a39f168243e1a61a808056fe18a) Importer(815301076,1909f56bfc062723c751e8b465ee728b)
Start importing Assets/MemoryObject/Book.asset using Guid(3de72a39f168243e1a61a808056fe18a) Importer(815301076,1909f56bfc062723c751e8b465ee728b)  -> (artifact id: 'd20b933886e1b665880b9efdb98bb268') in 0.006402 seconds 
========================================================================
Received Import Request.
  Time since last request: 0.000175 seconds.
  path: Assets/MemoryObject/Beniamin.asset
  artifactKey: Guid(71820c4a7c4b64d70bf531a83654f148) Importer(815301076,1909f56bfc062723c751e8b465ee728b)
Start importing Assets/MemoryObject/Beniamin.asset using Guid(71820c4a7c4b64d70bf531a83654f148) Importer(815301076,1909f56bfc062723c751e8b465ee728b)  -> (artifact id: '7a87e918473f41c19f61607905475719') in 0.008836 seconds 
========================================================================
Received Import Request.
  Time since last request: 0.000131 seconds.
  path: Assets/MemoryObject/Finger.asset
  artifactKey: Guid(2b0ab37b5e6d94488bc4879ce58b37b6) Importer(815301076,1909f56bfc062723c751e8b465ee728b)
Start importing Assets/MemoryObject/Finger.asset using Guid(2b0ab37b5e6d94488bc4879ce58b37b6) Importer(815301076,1909f56bfc062723c751e8b465ee728b)  -> (artifact id: '351bc6faa40685b8d9678b48977c2875') in 0.006896 seconds 
========================================================================
Received Import Request.
  Time since last request: 0.000114 seconds.
  path: Assets/MemoryObject/Sun.asset
  artifactKey: Guid(c01d311e0841e42cc8b16c640cead203) Importer(815301076,1909f56bfc062723c751e8b465ee728b)
Start importing Assets/MemoryObject/Sun.asset using Guid(c01d311e0841e42cc8b16c640cead203) Importer(815301076,1909f56bfc062723c751e8b465ee728b)  -> (artifact id: '531d873526ce7ccee22ce16e41f45473') in 0.008385 seconds 
========================================================================
Received Import Request.
  Time since last request: 0.000158 seconds.
  path: Assets/MemoryObject/Eye.asset
  artifactKey: Guid(758355d20f5a94339a368a7e806c7df9) Importer(815301076,1909f56bfc062723c751e8b465ee728b)
Start importing Assets/MemoryObject/Eye.asset using Guid(758355d20f5a94339a368a7e806c7df9) Importer(815301076,1909f56bfc062723c751e8b465ee728b)  -> (artifact id: '908c6cd6905a0acd88ee0d386931566d') in 0.005617 seconds 
========================================================================
Received Prepare
Registering precompiled user dll's ...
Registered in 0.001850 seconds.
Begin MonoManager ReloadAssembly
Symbol file LoadedFromMemory doesn't match image F:\GithubRepos\LanguageMemory\LanguageMemoryGame\Library\PackageCache\com.unity.visualscripting@1.6.1\Editor\VisualScripting.Core\Dependencies\YamlDotNet\Unity.VisualScripting.YamlDotNet.dll
Symbol file LoadedFromMemory doesn't match image F:\GithubRepos\LanguageMemory\LanguageMemoryGame\Library\PackageCache\com.unity.visualscripting@1.6.1\Editor\VisualScripting.Core\Dependencies\DotNetZip\Unity.VisualScripting.IonicZip.dll
Native extension for WindowsStandalone target not found
Native extension for WebGL target not found
Refreshing native plugins compatible for Editor in 0.65 ms, found 2 plugins.
Preloading 0 native plugins for Editor in 0.00 ms.
Mono: successfully reloaded assembly
- Completed reload, in  0.865 seconds
Platform modules already initialized, skipping
Refreshing native plugins compatible for Editor in 0.61 ms, found 2 plugins.
Preloading 0 native plugins for Editor in 0.00 ms.
Unloading 3508 Unused Serialized files (Serialized files now loaded: 0)
System memory in use before: 136.6 MB.
System memory in use after: 136.8 MB.

Unloading 24 unused Assets to reduce memory usage. Loaded Objects now: 3991.
Total: 2.241100 ms (FindLiveObjects: 0.245100 ms CreateObjectMapping: 0.173100 ms MarkObjects: 1.800300 ms  DeleteObjects: 0.021500 ms)

========================================================================
Received Prepare
Registering precompiled user dll's ...
Registered in 0.002455 seconds.
Begin MonoManager ReloadAssembly
Symbol file LoadedFromMemory doesn't match image F:\GithubRepos\LanguageMemory\LanguageMemoryGame\Library\PackageCache\com.unity.visualscripting@1.6.1\Editor\VisualScripting.Core\Dependencies\YamlDotNet\Unity.VisualScripting.YamlDotNet.dll
Symbol file LoadedFromMemory doesn't match image F:\GithubRepos\LanguageMemory\LanguageMemoryGame\Library\PackageCache\com.unity.visualscripting@1.6.1\Editor\VisualScripting.Core\Dependencies\DotNetZip\Unity.VisualScripting.IonicZip.dll
Native extension for WindowsStandalone target not found
Native extension for WebGL target not found
Refreshing native plugins compatible for Editor in 0.80 ms, found 2 plugins.
Preloading 0 native plugins for Editor in 0.00 ms.
Mono: successfully reloaded assembly
- Completed reload, in  1.918 seconds
Platform modules already initialized, skipping
Refreshing native plugins compatible for Editor in 1.00 ms, found 2 plugins.
Preloading 0 native plugins for Editor in 0.00 ms.
Unloading 3508 Unused Serialized files (Serialized files now loaded: 0)
System memory in use before: 136.6 MB.
System memory in use after: 136.9 MB.

Unloading 24 unused Assets to reduce memory usage. Loaded Objects now: 3995.
Total: 3.099000 ms (FindLiveObjects: 0.308300 ms CreateObjectMapping: 0.241900 ms MarkObjects: 2.524600 ms  DeleteObjects: 0.023200 ms)

========================================================================
Received Prepare
Registering precompiled user dll's ...
Registered in 0.001970 seconds.
Begin MonoManager ReloadAssembly
Symbol file LoadedFromMemory doesn't match image F:\GithubRepos\LanguageMemory\LanguageMemoryGame\Library\PackageCache\com.unity.visualscripting@1.6.1\Editor\VisualScripting.Core\Dependencies\YamlDotNet\Unity.VisualScripting.YamlDotNet.dll
Symbol file LoadedFromMemory doesn't match image F:\GithubRepos\LanguageMemory\LanguageMemoryGame\Library\PackageCache\com.unity.visualscripting@1.6.1\Editor\VisualScripting.Core\Dependencies\DotNetZip\Unity.VisualScripting.IonicZip.dll
Native extension for WindowsStandalone target not found
Native extension for WebGL target not found
Refreshing native plugins compatible for Editor in 0.62 ms, found 2 plugins.
Preloading 0 native plugins for Editor in 0.00 ms.
Mono: successfully reloaded assembly
- Completed reload, in  0.890 seconds
Platform modules already initialized, skipping
Refreshing native plugins compatible for Editor in 0.70 ms, found 2 plugins.
Preloading 0 native plugins for Editor in 0.00 ms.
Unloading 3508 Unused Serialized files (Serialized files now loaded: 0)
System memory in use before: 136.7 MB.
System memory in use after: 136.9 MB.

Unloading 24 unused Assets to reduce memory usage. Loaded Objects now: 3999.
Total: 2.150900 ms (FindLiveObjects: 0.229100 ms CreateObjectMapping: 0.168500 ms MarkObjects: 1.730000 ms  DeleteObjects: 0.022500 ms)

========================================================================
Received Prepare
Registering precompiled user dll's ...
Registered in 0.001877 seconds.
Begin MonoManager ReloadAssembly
Symbol file LoadedFromMemory doesn't match image F:\GithubRepos\LanguageMemory\LanguageMemoryGame\Library\PackageCache\com.unity.visualscripting@1.6.1\Editor\VisualScripting.Core\Dependencies\YamlDotNet\Unity.VisualScripting.YamlDotNet.dll
Symbol file LoadedFromMemory doesn't match image F:\GithubRepos\LanguageMemory\LanguageMemoryGame\Library\PackageCache\com.unity.visualscripting@1.6.1\Editor\VisualScripting.Core\Dependencies\DotNetZip\Unity.VisualScripting.IonicZip.dll
Native extension for WindowsStandalone target not found
Native extension for WebGL target not found
Refreshing native plugins compatible for Editor in 0.63 ms, found 2 plugins.
Preloading 0 native plugins for Editor in 0.00 ms.
Mono: successfully reloaded assembly
- Completed reload, in  0.881 seconds
Platform modules already initialized, skipping
Refreshing native plugins compatible for Editor in 0.63 ms, found 2 plugins.
Preloading 0 native plugins for Editor in 0.00 ms.
Unloading 3508 Unused Serialized files (Serialized files now loaded: 0)
System memory in use before: 136.7 MB.
System memory in use after: 136.9 MB.

Unloading 24 unused Assets to reduce memory usage. Loaded Objects now: 4003.
Total: 2.173400 ms (FindLiveObjects: 0.212300 ms CreateObjectMapping: 0.162800 ms MarkObjects: 1.782700 ms  DeleteObjects: 0.015100 ms)

========================================================================
Received Prepare
Registering precompiled user dll's ...
Registered in 0.001914 seconds.
Begin MonoManager ReloadAssembly
Symbol file LoadedFromMemory doesn't match image F:\GithubRepos\LanguageMemory\LanguageMemoryGame\Library\PackageCache\com.unity.visualscripting@1.6.1\Editor\VisualScripting.Core\Dependencies\YamlDotNet\Unity.VisualScripting.YamlDotNet.dll
Symbol file LoadedFromMemory doesn't match image F:\GithubRepos\LanguageMemory\LanguageMemoryGame\Library\PackageCache\com.unity.visualscripting@1.6.1\Editor\VisualScripting.Core\Dependencies\DotNetZip\Unity.VisualScripting.IonicZip.dll
Native extension for WindowsStandalone target not found
Native extension for WebGL target not found
Refreshing native plugins compatible for Editor in 0.60 ms, found 2 plugins.
Preloading 0 native plugins for Editor in 0.00 ms.
Mono: successfully reloaded assembly
- Completed reload, in  0.982 seconds
Platform modules already initialized, skipping
Refreshing native plugins compatible for Editor in 0.62 ms, found 2 plugins.
Preloading 0 native plugins for Editor in 0.00 ms.
Unloading 3508 Unused Serialized files (Serialized files now loaded: 0)
System memory in use before: 136.7 MB.
System memory in use after: 136.9 MB.

Unloading 24 unused Assets to reduce memory usage. Loaded Objects now: 4007.
Total: 2.136900 ms (FindLiveObjects: 0.219100 ms CreateObjectMapping: 0.153200 ms MarkObjects: 1.744400 ms  DeleteObjects: 0.019000 ms)

========================================================================
Received Prepare
Registering precompiled user dll's ...
Registered in 0.001866 seconds.
Begin MonoManager ReloadAssembly
Symbol file LoadedFromMemory doesn't match image F:\GithubRepos\LanguageMemory\LanguageMemoryGame\Library\PackageCache\com.unity.visualscripting@1.6.1\Editor\VisualScripting.Core\Dependencies\YamlDotNet\Unity.VisualScripting.YamlDotNet.dll
Symbol file LoadedFromMemory doesn't match image F:\GithubRepos\LanguageMemory\LanguageMemoryGame\Library\PackageCache\com.unity.visualscripting@1.6.1\Editor\VisualScripting.Core\Dependencies\DotNetZip\Unity.VisualScripting.IonicZip.dll
Native extension for WindowsStandalone target not found
Native extension for WebGL target not found
Refreshing native plugins compatible for Editor in 0.69 ms, found 2 plugins.
Preloading 0 native plugins for Editor in 0.00 ms.
Mono: successfully reloaded assembly
- Completed reload, in  0.849 seconds
Platform modules already initialized, skipping
Refreshing native plugins compatible for Editor in 0.62 ms, found 2 plugins.
Preloading 0 native plugins for Editor in 0.00 ms.
Unloading 3508 Unused Serialized files (Serialized files now loaded: 0)
System memory in use before: 136.7 MB.
System memory in use after: 136.9 MB.

Unloading 24 unused Assets to reduce memory usage. Loaded Objects now: 4011.
Total: 2.440200 ms (FindLiveObjects: 0.307900 ms CreateObjectMapping: 0.178500 ms MarkObjects: 1.927600 ms  DeleteObjects: 0.025200 ms)

